initial values: {'x00': 'x00', 'x01': 'x01', 'x02': 'x02', 'x03': 'x03', 'x04': 'x04', 'x05': 'x05', 'x06': 'x06', 'x07': 'x07', 'x08': 'x08', 'x09': 'x09', 'x10': 'x10', 'x11': 'x11', 'x12': 'x12', 'x13': 'x13', 'x14': 'x14', 'x15': 'x15', 'x16': 'x16', 'x17': 'x17', 'x18': 'x18', 'x19': 'x19', 'x20': 'x20', 'x21': 'x21', 'x22': 'x22', 'x23': 'x23', 'x24': 'x24', 'x25': 'x25', 'x26': 'x26', 'x27': 'x27', 'x28': 'x28', 'x29': 'x29', 'x30': 'x30', 'x31': 'x31', 'x32': 'x32', 'x33': 'x33', 'x34': 'x34', 'x35': 'x35', 'x36': 'x36', 'x37': 'x37', 'x38': 'x38', 'x39': 'x39', 'x40': 'x40', 'x41': 'x41', 'x42': 'x42', 'x43': 'x43', 'x44': 'x44', 'y00': 'y00', 'y01': 'y01', 'y02': 'y02', 'y03': 'y03', 'y04': 'y04', 'y05': 'y05', 'y06': 'y06', 'y07': 'y07', 'y08': 'y08', 'y09': 'y09', 'y10': 'y10', 'y11': 'y11', 'y12': 'y12', 'y13': 'y13', 'y14': 'y14', 'y15': 'y15', 'y16': 'y16', 'y17': 'y17', 'y18': 'y18', 'y19': 'y19', 'y20': 'y20', 'y21': 'y21', 'y22': 'y22', 'y23': 'y23', 'y24': 'y24', 'y25': 'y25', 'y26': 'y26', 'y27': 'y27', 'y28': 'y28', 'y29': 'y29', 'y30': 'y30', 'y31': 'y31', 'y32': 'y32', 'y33': 'y33', 'y34': 'y34', 'y35': 'y35', 'y36': 'y36', 'y37': 'y37', 'y38': 'y38', 'y39': 'y39', 'y40': 'y40', 'y41': 'y41', 'y42': 'y42', 'y43': 'y43', 'y44': 'y44'}
inputs: {'tnr': ['stn', 'AND', 'ffg'], 'vfw': ['y43', 'XOR', 'x43'], 'gnn': ['x37', 'AND', 'y37'], 'knv': ['x12', 'AND', 'y12'], 'djd': ['hqw', 'AND', 'jmq'], 'mnv': ['pqv', 'AND', 'kcv'], 'dfv': ['gtf', 'OR', 'jjt'], 'qjd': ['x38', 'AND', 'y38'], 'kqh': ['x40', 'AND', 'y40'], 'z09': ['ghk', 'XOR', 'pnr'], 'z10': ['vjd', 'XOR', 'kmb'], 'z37': ['ftt', 'XOR', 'hwf'], 'shg': ['x33', 'XOR', 'y33'], 'vqw': ['shg', 'AND', 'gfm'], 'jmq': ['jvj', 'OR', 'bch'], 'hqw': ['y27', 'XOR', 'x27'], 'z13': ['jsr', 'XOR', 'kph'], 'rkm': ['y35', 'AND', 'x35'], 'vdt': ['ccq', 'OR', 'hns'], 'hcv': ['x22', 'AND', 'y22'], 'mws': ['x11', 'XOR', 'y11'], 'nqv': ['ctp', 'OR', 'mdt'], 'jjh': ['y24', 'XOR', 'x24'], 'dkq': ['x43', 'AND', 'y43'], 'qmc': ['y13', 'AND', 'x13'], 'tjh': ['swk', 'OR', 'dgd'], 'ktw': ['jqm', 'AND', 'fjc'], 'dkn': ['fkq', 'OR', 'qfs'], 'z14': ['sdn', 'XOR', 'hrm'], 'hrj': ['y22', 'XOR', 'x22'], 'z34': ['mhm', 'XOR', 'mhc'], 'tmm': ['rbm', 'OR', 'bjj'], 'stv': ['gqq', 'OR', 'nnk'], 'z32': ['jbc', 'OR', 'mnv'], 'gtf': ['y39', 'AND', 'x39'], 'wvt': ['crw', 'OR', 'bbv'], 'vfm': ['y05', 'AND', 'x05'], 'dpv': ['mjf', 'OR', 'srr'], 'dnc': ['y08', 'XOR', 'x08'], 'qtg': ['x01', 'XOR', 'y01'], 'fjc': ['y36', 'XOR', 'x36'], 'z29': ['kdn', 'XOR', 'fvk'], 'dqc': ['msp', 'AND', 'shq'], 'z25': ['vdt', 'XOR', 'rjv'], 'fvd': ['dpv', 'AND', 'mgr'], 'jjt': ['bqf', 'AND', 'vnc'], 'ghk': ['x09', 'XOR', 'y09'], 'hns': ['ckj', 'AND', 'jjh'], 'z21': ['mpm', 'XOR', 'gtn'], 'rpq': ['x35', 'XOR', 'y35'], 'btj': ['y16', 'XOR', 'x16'], 'z17': ['wkh', 'XOR', 'fhk'], 'mbc': ['y31', 'XOR', 'x31'], 'vjb': ['gsv', 'AND', 'qtg'], 'jmr': ['y23', 'AND', 'x23'], 'z18': ['jpj', 'XOR', 'brn'], 'fpk': ['crb', 'AND', 'gqd'], 'hhm': ['x07', 'AND', 'y07'], 'z44': ['spg', 'XOR', 'bfw'], 'msp': ['djd', 'OR', 'wqf'], 'z01': ['gsv', 'XOR', 'qtg'], 'vjd': ['x10', 'XOR', 'y10'], 'pwm': ['x20', 'XOR', 'y20'], 'gtn': ['nct', 'OR', 'mmk'], 'wfs': ['hrj', 'AND', 'tjh'], 'kph': ['y13', 'XOR', 'x13'], 'z05': ['pjv', 'XOR', 'bhn'], 'vpv': ['fhk', 'AND', 'wkh'], 'cdj': ['dnc', 'XOR', 'rtp'], 'tqg': ['x40', 'XOR', 'y40'], 'z24': ['ckj', 'XOR', 'jjh'], 'crb': ['x23', 'XOR', 'y23'], 'vjh': ['y14', 'AND', 'x14'], 'dbc': ['tqg', 'AND', 'dfv'], 'fkq': ['y10', 'AND', 'x10'], 'gfm': ['kcv', 'XOR', 'pqv'], 'brn': ['x18', 'XOR', 'y18'], 'hjk': ['x02', 'AND', 'y02'], 'z03': ['wdg', 'XOR', 'fbp'], 'z08': ['y08', 'AND', 'x08'], 'pqv': ['x32', 'XOR', 'y32'], 'z40': ['tqg', 'XOR', 'dfv'], 'z45': ['jdh', 'OR', 'qrw'], 'z00': ['x00', 'XOR', 'y00'], 'tfr': ['gtm', 'OR', 'mqp'], 'dmv': ['x12', 'XOR', 'y12'], 'fvk': ['mdr', 'OR', 'dqc'], 'tkv': ['dmv', 'AND', 'wvt'], 'z33': ['gfm', 'XOR', 'shg'], 'tkw': ['dbc', 'OR', 'kqh'], 'swk': ['x21', 'AND', 'y21'], 'z41': ['jhb', 'XOR', 'tkw'], 'z11': ['dkn', 'XOR', 'mws'], 'pjv': ['x05', 'XOR', 'y05'], 'wmc': ['x04', 'AND', 'y04'], 'rdf': ['fgk', 'AND', 'jbp'], 'dwj': ['y16', 'AND', 'x16'], 'z27': ['hqw', 'XOR', 'jmq'], 'kvn': ['gnn', 'OR', 'qmd'], 'z28': ['msp', 'XOR', 'shq'], 'whd': ['mhs', 'AND', 'pbn'], 'kgf': ['pnr', 'AND', 'ghk'], 'tnf': ['y31', 'AND', 'x31'], 'z20': ['pwm', 'XOR', 'cjh'], 'stp': ['y19', 'AND', 'x19'], 'z30': ['tdc', 'XOR', 'scp'], 'tqj': ['y03', 'AND', 'x03'], 'ckj': ['fpk', 'OR', 'jmr'], 'pnr': ['skt', 'OR', 'cdj'], 'dgd': ['gtn', 'AND', 'mpm'], 'bhn': ['wmc', 'OR', 'whd'], 'z19': ['dpv', 'XOR', 'mgr'], 'fhk': ['y17', 'XOR', 'x17'], 'fbp': ['y03', 'XOR', 'x03'], 'z16': ['btj', 'AND', 'tmm'], 'z43': ['stv', 'XOR', 'vfw'], 'z22': ['tjh', 'XOR', 'hrj'], 'bbv': ['y11', 'AND', 'x11'], 'kcv': ['cpp', 'OR', 'tnf'], 'z04': ['pbn', 'XOR', 'mhs'], 'pjm': ['x17', 'AND', 'y17'], 'mhs': ['bmh', 'OR', 'tqj'], 'z06': ['fgk', 'XOR', 'jbp'], 'rjv': ['x25', 'XOR', 'y25'], 'z38': ['kvn', 'XOR', 'qjd'], 'mpm': ['y21', 'XOR', 'x21'], 'wdg': ['qfv', 'OR', 'hjk'], 'jwh': ['y36', 'AND', 'x36'], 'jsr': ['knv', 'OR', 'tkv'], 'rtp': ['tnr', 'OR', 'hhm'], 'hsq': ['mhm', 'AND', 'mhc'], 'bgj': ['qjd', 'AND', 'kvn'], 'srr': ['brn', 'AND', 'jpj'], 'qmd': ['hwf', 'AND', 'ftt'], 'jnn': ['pjv', 'AND', 'bhn'], 'gqq': ['x42', 'AND', 'y42'], 'mrb': ['btj', 'XOR', 'tmm'], 'mdr': ['x28', 'AND', 'y28'], 'vnc': ['y39', 'XOR', 'x39'], 'wkh': ['dwj', 'OR', 'mrb'], 'z35': ['rpq', 'XOR', 'pfh'], 'ctp': ['y25', 'AND', 'x25'], 'cjh': ['stp', 'OR', 'fvd'], 'gjd': ['cgp', 'OR', 'vjh'], 'z23': ['crb', 'XOR', 'gqd'], 'stc': ['x26', 'XOR', 'y26'], 'spg': ['y44', 'XOR', 'x44'], 'z26': ['nqv', 'XOR', 'stc'], 'z39': ['bqf', 'XOR', 'vnc'], 'msd': ['x42', 'XOR', 'y42'], 'gsv': ['x00', 'AND', 'y00'], 'bdd': ['rpq', 'AND', 'pfh'], 'wcd': ['x01', 'AND', 'y01'], 'vgg': ['x02', 'XOR', 'y02'], 'dhm': ['x38', 'XOR', 'y38'], 'btq': ['y09', 'AND', 'x09'], 'bmh': ['wdg', 'AND', 'fbp'], 'fgk': ['x06', 'XOR', 'y06'], 'mhm': ['qpq', 'OR', 'vqw'], 'z12': ['dmv', 'XOR', 'wvt'], 'jbc': ['y32', 'AND', 'x32'], 'ffg': ['rdf', 'OR', 'kcg'], 'z07': ['ffg', 'XOR', 'stn'], 'cgp': ['sdn', 'AND', 'hrm'], 'pkv': ['scp', 'AND', 'tdc'], 'kvv': ['fvk', 'AND', 'kdn'], 'hwf': ['ktw', 'OR', 'jwh'], 'qrw': ['spg', 'AND', 'bfw'], 'wqf': ['x27', 'AND', 'y27'], 'jqm': ['rkm', 'OR', 'bdd'], 'ftt': ['x37', 'XOR', 'y37'], 'nmd': ['y30', 'AND', 'x30'], 'stn': ['y07', 'XOR', 'x07'], 'jhb': ['y41', 'XOR', 'x41'], 'nfk': ['vfw', 'AND', 'stv'], 'pbn': ['y04', 'XOR', 'x04'], 'skt': ['rtp', 'AND', 'dnc'], 'hrm': ['jrd', 'OR', 'qmc'], 'qfs': ['kmb', 'AND', 'vjd'], 'sjk': ['nmd', 'OR', 'pkv'], 'gtm': ['tkw', 'AND', 'jhb'], 'bfw': ['nfk', 'OR', 'dkq'], 'shs': ['x29', 'AND', 'y29'], 'z36': ['jqm', 'XOR', 'fjc'], 'cpp': ['sjk', 'AND', 'mbc'], 'mmk': ['x20', 'AND', 'y20'], 'qpq': ['y33', 'AND', 'x33'], 'pfh': ['hsq', 'OR', 'fgq'], 'z02': ['gbg', 'XOR', 'vgg'], 'jbp': ['jnn', 'OR', 'vfm'], 'nct': ['pwm', 'AND', 'cjh'], 'crw': ['dkn', 'AND', 'mws'], 'z31': ['mbc', 'XOR', 'sjk'], 'bqf': ['dhm', 'OR', 'bgj'], 'fgq': ['y34', 'AND', 'x34'], 'kcg': ['x06', 'AND', 'y06'], 'mqp': ['x41', 'AND', 'y41'], 'scp': ['kvv', 'OR', 'shs'], 'kmb': ['btq', 'OR', 'kgf'], 'mdt': ['rjv', 'AND', 'vdt'], 'rbm': ['x15', 'AND', 'y15'], 'jdh': ['x44', 'AND', 'y44'], 'qfv': ['gbg', 'AND', 'vgg'], 'mjf': ['x18', 'AND', 'y18'], 'mgr': ['y19', 'XOR', 'x19'], 'z42': ['msd', 'XOR', 'tfr'], 'tdc': ['y30', 'XOR', 'x30'], 'ccq': ['y24', 'AND', 'x24'], 'shq': ['x28', 'XOR', 'y28'], 'bch': ['stc', 'AND', 'nqv'], 'sdn': ['y14', 'XOR', 'x14'], 'bjj': ['gjd', 'AND', 'jfh'], 'mhc': ['x34', 'XOR', 'y34'], 'jpj': ['vpv', 'OR', 'pjm'], 'nnk': ['msd', 'AND', 'tfr'], 'jvj': ['x26', 'AND', 'y26'], 'jrd': ['kph', 'AND', 'jsr'], 'z15': ['jfh', 'XOR', 'gjd'], 'jfh': ['x15', 'XOR', 'y15'], 'kdn': ['y29', 'XOR', 'x29'], 'gbg': ['vjb', 'OR', 'wcd'], 'gqd': ['hcv', 'OR', 'wfs']}
max_z: 45
>is_z(z00, 0, iteration=0, inputs=['x00', 'XOR', 'y00'])
 >is_x_xor_y(z00, 0, inputs=['x00', 'XOR', 'y00'])
... valid=True
>is_z(z01, 1, iteration=0, inputs=['gsv', 'XOR', 'qtg'])
 >is_x_xor_y(gsv, 1, inputs=['x00', 'AND', 'y00'])
 >is_x_xor_y(qtg, 1, inputs=['x01', 'XOR', 'y01'])
>is_c(gsv, 0, iteration=0, inputs=['x00', 'AND', 'y00'])
 >is_x_and_y(gsv, 0, inputs=['x00', 'AND', 'y00'])
... valid=True
>is_z(z02, 2, iteration=0, inputs=['gbg', 'XOR', 'vgg'])
 >is_x_xor_y(gbg, 2, inputs=['vjb', 'OR', 'wcd'])
 >is_x_xor_y(vgg, 2, inputs=['x02', 'XOR', 'y02'])
>is_c(gbg, 1, iteration=0, inputs=['vjb', 'OR', 'wcd'])
 >is_x_and_y(vjb, 1, inputs=['gsv', 'AND', 'qtg'])
 >is_x_and_y(wcd, 1, inputs=['x01', 'AND', 'y01'])
>is_c_clause_2(vjb, 1, iteration=0, inputs=['gsv', 'AND', 'qtg'])
 >is_x_xor_y(qtg, 1, inputs=['x01', 'XOR', 'y01'])
... valid=True
>is_z(z03, 3, iteration=0, inputs=['wdg', 'XOR', 'fbp'])
 >is_x_xor_y(wdg, 3, inputs=['qfv', 'OR', 'hjk'])
 >is_x_xor_y(fbp, 3, inputs=['y03', 'XOR', 'x03'])
>is_c(wdg, 2, iteration=0, inputs=['qfv', 'OR', 'hjk'])
 >is_x_and_y(qfv, 2, inputs=['gbg', 'AND', 'vgg'])
 >is_x_and_y(hjk, 2, inputs=['x02', 'AND', 'y02'])
>is_c_clause_2(qfv, 2, iteration=0, inputs=['gbg', 'AND', 'vgg'])
 >is_x_xor_y(vgg, 2, inputs=['x02', 'XOR', 'y02'])
... valid=True
>is_z(z04, 4, iteration=0, inputs=['pbn', 'XOR', 'mhs'])
 >is_x_xor_y(pbn, 4, inputs=['y04', 'XOR', 'x04'])
>is_c(mhs, 3, iteration=0, inputs=['bmh', 'OR', 'tqj'])
 >is_x_and_y(bmh, 3, inputs=['wdg', 'AND', 'fbp'])
 >is_x_and_y(tqj, 3, inputs=['y03', 'AND', 'x03'])
>is_c_clause_2(bmh, 3, iteration=0, inputs=['wdg', 'AND', 'fbp'])
 >is_x_xor_y(fbp, 3, inputs=['y03', 'XOR', 'x03'])
... valid=True
>is_z(z05, 5, iteration=0, inputs=['pjv', 'XOR', 'bhn'])
 >is_x_xor_y(pjv, 5, inputs=['x05', 'XOR', 'y05'])
>is_c(bhn, 4, iteration=0, inputs=['wmc', 'OR', 'whd'])
 >is_x_and_y(wmc, 4, inputs=['x04', 'AND', 'y04'])
>is_c_clause_2(whd, 4, iteration=0, inputs=['mhs', 'AND', 'pbn'])
 >is_x_xor_y(pbn, 4, inputs=['y04', 'XOR', 'x04'])
... valid=True
>is_z(z06, 6, iteration=0, inputs=['fgk', 'XOR', 'jbp'])
 >is_x_xor_y(fgk, 6, inputs=['x06', 'XOR', 'y06'])
>is_c(jbp, 5, iteration=0, inputs=['jnn', 'OR', 'vfm'])
 >is_x_and_y(jnn, 5, inputs=['pjv', 'AND', 'bhn'])
 >is_x_and_y(vfm, 5, inputs=['y05', 'AND', 'x05'])
>is_c_clause_2(jnn, 5, iteration=0, inputs=['pjv', 'AND', 'bhn'])
>is_c(pjv, 4, iteration=0, inputs=['x05', 'XOR', 'y05'])
 >is_x_xor_y(pjv, 5, inputs=['x05', 'XOR', 'y05'])
... valid=True
>is_z(z07, 7, iteration=0, inputs=['ffg', 'XOR', 'stn'])
 >is_x_xor_y(ffg, 7, inputs=['rdf', 'OR', 'kcg'])
 >is_x_xor_y(stn, 7, inputs=['y07', 'XOR', 'x07'])
>is_c(ffg, 6, iteration=0, inputs=['rdf', 'OR', 'kcg'])
 >is_x_and_y(rdf, 6, inputs=['fgk', 'AND', 'jbp'])
 >is_x_and_y(kcg, 6, inputs=['x06', 'AND', 'y06'])
>is_c_clause_2(rdf, 6, iteration=0, inputs=['fgk', 'AND', 'jbp'])
>is_c(fgk, 5, iteration=0, inputs=['x06', 'XOR', 'y06'])
 >is_x_xor_y(fgk, 6, inputs=['x06', 'XOR', 'y06'])
... valid=True
>is_z(z08, 8, iteration=0, inputs=['y08', 'AND', 'x08'])
... valid=False
number of sus gates: 1
checking swaps for ('z08',)
checking swapping inputs of ('dnc', 'z08')
>is_z(z08, 8, iteration=1, inputs=['y08', 'AND', 'x08'])
checking swapping inputs of ('jjt', 'z08')
>is_z(z08, 8, iteration=2, inputs=['y08', 'AND', 'x08'])
checking swapping inputs of ('mhc', 'z08')
>is_z(z08, 8, iteration=3, inputs=['y08', 'AND', 'x08'])
checking swapping inputs of ('z08', 'z13')
>is_z(z08, 8, iteration=4, inputs=['jsr', 'XOR', 'kph'])
 >is_x_xor_y(jsr, 8, inputs=['knv', 'OR', 'tkv'])
 >is_x_xor_y(kph, 8, inputs=['y13', 'XOR', 'x13'])
checking swapping inputs of ('qfs', 'z08')
>is_z(z08, 8, iteration=5, inputs=['y08', 'AND', 'x08'])
checking swapping inputs of ('rtp', 'z08')
>is_z(z08, 8, iteration=6, inputs=['y08', 'AND', 'x08'])
checking swapping inputs of ('hns', 'z08')
>is_z(z08, 8, iteration=7, inputs=['y08', 'AND', 'x08'])
checking swapping inputs of ('fkq', 'z08')
>is_z(z08, 8, iteration=8, inputs=['y08', 'AND', 'x08'])
checking swapping inputs of ('jpj', 'z08')
>is_z(z08, 8, iteration=9, inputs=['y08', 'AND', 'x08'])
checking swapping inputs of ('sdn', 'z08')
>is_z(z08, 8, iteration=10, inputs=['y08', 'AND', 'x08'])
checking swapping inputs of ('fjc', 'z08')
>is_z(z08, 8, iteration=11, inputs=['y08', 'AND', 'x08'])
checking swapping inputs of ('ghk', 'z08')
>is_z(z08, 8, iteration=12, inputs=['y08', 'AND', 'x08'])
checking swapping inputs of ('qjd', 'z08')
>is_z(z08, 8, iteration=13, inputs=['y08', 'AND', 'x08'])
checking swapping inputs of ('ckj', 'z08')
>is_z(z08, 8, iteration=14, inputs=['y08', 'AND', 'x08'])
checking swapping inputs of ('tkv', 'z08')
>is_z(z08, 8, iteration=15, inputs=['y08', 'AND', 'x08'])
checking swapping inputs of ('spg', 'z08')
>is_z(z08, 8, iteration=16, inputs=['y08', 'AND', 'x08'])
checking swapping inputs of ('dkn', 'z08')
>is_z(z08, 8, iteration=17, inputs=['y08', 'AND', 'x08'])
checking swapping inputs of ('vfw', 'z08')
>is_z(z08, 8, iteration=18, inputs=['y08', 'AND', 'x08'])
checking swapping inputs of ('dkq', 'z08')
>is_z(z08, 8, iteration=19, inputs=['y08', 'AND', 'x08'])
checking swapping inputs of ('vjd', 'z08')
>is_z(z08, 8, iteration=20, inputs=['y08', 'AND', 'x08'])
checking swapping inputs of ('z08', 'z19')
>is_z(z08, 8, iteration=21, inputs=['dpv', 'XOR', 'mgr'])
 >is_x_xor_y(dpv, 8, inputs=['mjf', 'OR', 'srr'])
 >is_x_xor_y(mgr, 8, inputs=['y19', 'XOR', 'x19'])
checking swapping inputs of ('z08', 'z21')
>is_z(z08, 8, iteration=22, inputs=['mpm', 'XOR', 'gtn'])
 >is_x_xor_y(mpm, 8, inputs=['y21', 'XOR', 'x21'])
 >is_x_xor_y(gtn, 8, inputs=['nct', 'OR', 'mmk'])
checking swapping inputs of ('kmb', 'z08')
>is_z(z08, 8, iteration=23, inputs=['y08', 'AND', 'x08'])
checking swapping inputs of ('shq', 'z08')
>is_z(z08, 8, iteration=24, inputs=['y08', 'AND', 'x08'])
checking swapping inputs of ('fgq', 'z08')
>is_z(z08, 8, iteration=25, inputs=['y08', 'AND', 'x08'])
checking swapping inputs of ('vqw', 'z08')
>is_z(z08, 8, iteration=26, inputs=['y08', 'AND', 'x08'])
checking swapping inputs of ('hcv', 'z08')
>is_z(z08, 8, iteration=27, inputs=['y08', 'AND', 'x08'])
checking swapping inputs of ('z08', 'z44')
>is_z(z08, 8, iteration=28, inputs=['spg', 'XOR', 'bfw'])
 >is_x_xor_y(spg, 8, inputs=['y44', 'XOR', 'x44'])
 >is_x_xor_y(bfw, 8, inputs=['nfk', 'OR', 'dkq'])
checking swapping inputs of ('mjf', 'z08')
>is_z(z08, 8, iteration=29, inputs=['y08', 'AND', 'x08'])
checking swapping inputs of ('z08', 'z25')
>is_z(z08, 8, iteration=30, inputs=['vdt', 'XOR', 'rjv'])
 >is_x_xor_y(vdt, 8, inputs=['ccq', 'OR', 'hns'])
 >is_x_xor_y(rjv, 8, inputs=['x25', 'XOR', 'y25'])
checking swapping inputs of ('pkv', 'z08')
>is_z(z08, 8, iteration=31, inputs=['y08', 'AND', 'x08'])
checking swapping inputs of ('djd', 'z08')
>is_z(z08, 8, iteration=32, inputs=['y08', 'AND', 'x08'])
checking swapping inputs of ('fvk', 'z08')
>is_z(z08, 8, iteration=33, inputs=['y08', 'AND', 'x08'])
checking swapping inputs of ('qmd', 'z08')
>is_z(z08, 8, iteration=34, inputs=['y08', 'AND', 'x08'])
checking swapping inputs of ('z08', 'z31')
>is_z(z08, 8, iteration=35, inputs=['mbc', 'XOR', 'sjk'])
 >is_x_xor_y(mbc, 8, inputs=['y31', 'XOR', 'x31'])
 >is_x_xor_y(sjk, 8, inputs=['nmd', 'OR', 'pkv'])
checking swapping inputs of ('dbc', 'z08')
>is_z(z08, 8, iteration=36, inputs=['y08', 'AND', 'x08'])
checking swapping inputs of ('dgd', 'z08')
>is_z(z08, 8, iteration=37, inputs=['y08', 'AND', 'x08'])
checking swapping inputs of ('bfw', 'z08')
>is_z(z08, 8, iteration=38, inputs=['y08', 'AND', 'x08'])
checking swapping inputs of ('jdh', 'z08')
>is_z(z08, 8, iteration=39, inputs=['y08', 'AND', 'x08'])
checking swapping inputs of ('gqq', 'z08')
>is_z(z08, 8, iteration=40, inputs=['y08', 'AND', 'x08'])
checking swapping inputs of ('wvt', 'z08')
>is_z(z08, 8, iteration=41, inputs=['y08', 'AND', 'x08'])
checking swapping inputs of ('cpp', 'z08')
>is_z(z08, 8, iteration=42, inputs=['y08', 'AND', 'x08'])
checking swapping inputs of ('z08', 'z12')
>is_z(z08, 8, iteration=43, inputs=['dmv', 'XOR', 'wvt'])
 >is_x_xor_y(dmv, 8, inputs=['x12', 'XOR', 'y12'])
 >is_x_xor_y(wvt, 8, inputs=['crw', 'OR', 'bbv'])
checking swapping inputs of ('mhm', 'z08')
>is_z(z08, 8, iteration=44, inputs=['y08', 'AND', 'x08'])
checking swapping inputs of ('z08', 'z32')
>is_z(z08, 8, iteration=45, inputs=['jbc', 'OR', 'mnv'])
checking swapping inputs of ('wfs', 'z08')
>is_z(z08, 8, iteration=46, inputs=['y08', 'AND', 'x08'])
checking swapping inputs of ('cgp', 'z08')
>is_z(z08, 8, iteration=47, inputs=['y08', 'AND', 'x08'])
checking swapping inputs of ('z08', 'z26')
>is_z(z08, 8, iteration=48, inputs=['nqv', 'XOR', 'stc'])
 >is_x_xor_y(nqv, 8, inputs=['ctp', 'OR', 'mdt'])
 >is_x_xor_y(stc, 8, inputs=['x26', 'XOR', 'y26'])
checking swapping inputs of ('jqm', 'z08')
>is_z(z08, 8, iteration=49, inputs=['y08', 'AND', 'x08'])
checking swapping inputs of ('dhm', 'z08')
>is_z(z08, 8, iteration=50, inputs=['y08', 'AND', 'x08'])
checking swapping inputs of ('mgr', 'z08')
>is_z(z08, 8, iteration=51, inputs=['y08', 'AND', 'x08'])
checking swapping inputs of ('tkw', 'z08')
>is_z(z08, 8, iteration=52, inputs=['y08', 'AND', 'x08'])
checking swapping inputs of ('pjm', 'z08')
>is_z(z08, 8, iteration=53, inputs=['y08', 'AND', 'x08'])
checking swapping inputs of ('z08', 'z17')
>is_z(z08, 8, iteration=54, inputs=['wkh', 'XOR', 'fhk'])
 >is_x_xor_y(wkh, 8, inputs=['dwj', 'OR', 'mrb'])
 >is_x_xor_y(fhk, 8, inputs=['y17', 'XOR', 'x17'])
checking swapping inputs of ('pwm', 'z08')
>is_z(z08, 8, iteration=55, inputs=['y08', 'AND', 'x08'])
checking swapping inputs of ('stp', 'z08')
>is_z(z08, 8, iteration=56, inputs=['y08', 'AND', 'x08'])
checking swapping inputs of ('z08', 'z42')
>is_z(z08, 8, iteration=57, inputs=['msd', 'XOR', 'tfr'])
 >is_x_xor_y(msd, 8, inputs=['x42', 'XOR', 'y42'])
 >is_x_xor_y(tfr, 8, inputs=['gtm', 'OR', 'mqp'])
checking swapping inputs of ('tmm', 'z08')
>is_z(z08, 8, iteration=58, inputs=['y08', 'AND', 'x08'])
checking swapping inputs of ('tdc', 'z08')
>is_z(z08, 8, iteration=59, inputs=['y08', 'AND', 'x08'])
checking swapping inputs of ('rbm', 'z08')
>is_z(z08, 8, iteration=60, inputs=['y08', 'AND', 'x08'])
checking swapping inputs of ('ccq', 'z08')
>is_z(z08, 8, iteration=61, inputs=['y08', 'AND', 'x08'])
checking swapping inputs of ('qrw', 'z08')
>is_z(z08, 8, iteration=62, inputs=['y08', 'AND', 'x08'])
checking swapping inputs of ('ftt', 'z08')
>is_z(z08, 8, iteration=63, inputs=['y08', 'AND', 'x08'])
checking swapping inputs of ('msd', 'z08')
>is_z(z08, 8, iteration=64, inputs=['y08', 'AND', 'x08'])
checking swapping inputs of ('z08', 'z11')
>is_z(z08, 8, iteration=65, inputs=['dkn', 'XOR', 'mws'])
 >is_x_xor_y(dkn, 8, inputs=['fkq', 'OR', 'qfs'])
 >is_x_xor_y(mws, 8, inputs=['x11', 'XOR', 'y11'])
checking swapping inputs of ('hsq', 'z08')
>is_z(z08, 8, iteration=66, inputs=['y08', 'AND', 'x08'])
checking swapping inputs of ('ctp', 'z08')
>is_z(z08, 8, iteration=67, inputs=['y08', 'AND', 'x08'])
checking swapping inputs of ('scp', 'z08')
>is_z(z08, 8, iteration=68, inputs=['y08', 'AND', 'x08'])
checking swapping inputs of ('z08', 'z18')
>is_z(z08, 8, iteration=69, inputs=['jpj', 'XOR', 'brn'])
 >is_x_xor_y(jpj, 8, inputs=['vpv', 'OR', 'pjm'])
 >is_x_xor_y(brn, 8, inputs=['x18', 'XOR', 'y18'])
checking swapping inputs of ('ktw', 'z08')
>is_z(z08, 8, iteration=70, inputs=['y08', 'AND', 'x08'])
checking swapping inputs of ('mnv', 'z08')
>is_z(z08, 8, iteration=71, inputs=['y08', 'AND', 'x08'])
checking swapping inputs of ('bqf', 'z08')
>is_z(z08, 8, iteration=72, inputs=['y08', 'AND', 'x08'])
checking swapping inputs of ('jbc', 'z08')
>is_z(z08, 8, iteration=73, inputs=['y08', 'AND', 'x08'])
checking swapping inputs of ('swk', 'z08')
>is_z(z08, 8, iteration=74, inputs=['y08', 'AND', 'x08'])
checking swapping inputs of ('z08', 'z10')
>is_z(z08, 8, iteration=75, inputs=['vjd', 'XOR', 'kmb'])
 >is_x_xor_y(vjd, 8, inputs=['x10', 'XOR', 'y10'])
 >is_x_xor_y(kmb, 8, inputs=['btq', 'OR', 'kgf'])
checking swapping inputs of ('dmv', 'z08')
>is_z(z08, 8, iteration=76, inputs=['y08', 'AND', 'x08'])
checking swapping inputs of ('z08', 'z37')
>is_z(z08, 8, iteration=77, inputs=['ftt', 'XOR', 'hwf'])
 >is_x_xor_y(ftt, 8, inputs=['x37', 'XOR', 'y37'])
 >is_x_xor_y(hwf, 8, inputs=['ktw', 'OR', 'jwh'])
checking swapping inputs of ('gqd', 'z08')
>is_z(z08, 8, iteration=78, inputs=['y08', 'AND', 'x08'])
checking swapping inputs of ('btq', 'z08')
>is_z(z08, 8, iteration=79, inputs=['y08', 'AND', 'x08'])
checking swapping inputs of ('bjj', 'z08')
>is_z(z08, 8, iteration=80, inputs=['y08', 'AND', 'x08'])
checking swapping inputs of ('hhm', 'z08')
>is_z(z08, 8, iteration=81, inputs=['y08', 'AND', 'x08'])
checking swapping inputs of ('gfm', 'z08')
>is_z(z08, 8, iteration=82, inputs=['y08', 'AND', 'x08'])
checking swapping inputs of ('z08', 'z22')
>is_z(z08, 8, iteration=83, inputs=['tjh', 'XOR', 'hrj'])
 >is_x_xor_y(tjh, 8, inputs=['swk', 'OR', 'dgd'])
 >is_x_xor_y(hrj, 8, inputs=['y22', 'XOR', 'x22'])
checking swapping inputs of ('wqf', 'z08')
>is_z(z08, 8, iteration=84, inputs=['y08', 'AND', 'x08'])
checking swapping inputs of ('hrm', 'z08')
>is_z(z08, 8, iteration=85, inputs=['y08', 'AND', 'x08'])
checking swapping inputs of ('tfr', 'z08')
>is_z(z08, 8, iteration=86, inputs=['y08', 'AND', 'x08'])
checking swapping inputs of ('vnc', 'z08')
>is_z(z08, 8, iteration=87, inputs=['y08', 'AND', 'x08'])
checking swapping inputs of ('kvn', 'z08')
>is_z(z08, 8, iteration=88, inputs=['y08', 'AND', 'x08'])
checking swapping inputs of ('mws', 'z08')
>is_z(z08, 8, iteration=89, inputs=['y08', 'AND', 'x08'])
checking swapping inputs of ('gtn', 'z08')
>is_z(z08, 8, iteration=90, inputs=['y08', 'AND', 'x08'])
checking swapping inputs of ('cdj', 'z08')
>is_z(z08, 8, iteration=91, inputs=['y08', 'AND', 'x08'])
checking swapping inputs of ('stv', 'z08')
>is_z(z08, 8, iteration=92, inputs=['y08', 'AND', 'x08'])
checking swapping inputs of ('mpm', 'z08')
>is_z(z08, 8, iteration=93, inputs=['y08', 'AND', 'x08'])
checking swapping inputs of ('hqw', 'z08')
>is_z(z08, 8, iteration=94, inputs=['y08', 'AND', 'x08'])
checking swapping inputs of ('shg', 'z08')
>is_z(z08, 8, iteration=95, inputs=['y08', 'AND', 'x08'])
checking swapping inputs of ('jmr', 'z08')
>is_z(z08, 8, iteration=96, inputs=['y08', 'AND', 'x08'])
checking swapping inputs of ('shs', 'z08')
>is_z(z08, 8, iteration=97, inputs=['y08', 'AND', 'x08'])
checking swapping inputs of ('mdt', 'z08')
>is_z(z08, 8, iteration=98, inputs=['y08', 'AND', 'x08'])
checking swapping inputs of ('bdd', 'z08')
>is_z(z08, 8, iteration=99, inputs=['y08', 'AND', 'x08'])
checking swapping inputs of ('skt', 'z08')
>is_z(z08, 8, iteration=100, inputs=['y08', 'AND', 'x08'])
checking swapping inputs of ('tnr', 'z08')
>is_z(z08, 8, iteration=101, inputs=['y08', 'AND', 'x08'])
checking swapping inputs of ('pnr', 'z08')
>is_z(z08, 8, iteration=102, inputs=['y08', 'AND', 'x08'])
checking swapping inputs of ('tjh', 'z08')
>is_z(z08, 8, iteration=103, inputs=['y08', 'AND', 'x08'])
checking swapping inputs of ('mmk', 'z08')
>is_z(z08, 8, iteration=104, inputs=['y08', 'AND', 'x08'])
checking swapping inputs of ('sjk', 'z08')
>is_z(z08, 8, iteration=105, inputs=['y08', 'AND', 'x08'])
checking swapping inputs of ('jjh', 'z08')
>is_z(z08, 8, iteration=106, inputs=['y08', 'AND', 'x08'])
checking swapping inputs of ('z08', 'z14')
>is_z(z08, 8, iteration=107, inputs=['sdn', 'XOR', 'hrm'])
 >is_x_xor_y(sdn, 8, inputs=['y14', 'XOR', 'x14'])
 >is_x_xor_y(hrm, 8, inputs=['jrd', 'OR', 'qmc'])
checking swapping inputs of ('stc', 'z08')
>is_z(z08, 8, iteration=108, inputs=['y08', 'AND', 'x08'])
checking swapping inputs of ('z08', 'z35')
>is_z(z08, 8, iteration=109, inputs=['rpq', 'XOR', 'pfh'])
 >is_x_xor_y(rpq, 8, inputs=['x35', 'XOR', 'y35'])
 >is_x_xor_y(pfh, 8, inputs=['hsq', 'OR', 'fgq'])
checking swapping inputs of ('z08', 'z41')
>is_z(z08, 8, iteration=110, inputs=['jhb', 'XOR', 'tkw'])
 >is_x_xor_y(jhb, 8, inputs=['y41', 'XOR', 'x41'])
 >is_x_xor_y(tkw, 8, inputs=['dbc', 'OR', 'kqh'])
checking swapping inputs of ('gnn', 'z08')
>is_z(z08, 8, iteration=111, inputs=['y08', 'AND', 'x08'])
checking swapping inputs of ('tqg', 'z08')
>is_z(z08, 8, iteration=112, inputs=['y08', 'AND', 'x08'])
checking swapping inputs of ('fhk', 'z08')
>is_z(z08, 8, iteration=113, inputs=['y08', 'AND', 'x08'])
checking swapping inputs of ('nfk', 'z08')
>is_z(z08, 8, iteration=114, inputs=['y08', 'AND', 'x08'])
checking swapping inputs of ('z08', 'z33')
>is_z(z08, 8, iteration=115, inputs=['gfm', 'XOR', 'shg'])
 >is_x_xor_y(gfm, 8, inputs=['kcv', 'XOR', 'pqv'])
 >is_x_xor_y(shg, 8, inputs=['x33', 'XOR', 'y33'])
checking swapping inputs of ('bch', 'z08')
>is_z(z08, 8, iteration=116, inputs=['y08', 'AND', 'x08'])
checking swapping inputs of ('jsr', 'z08')
>is_z(z08, 8, iteration=117, inputs=['y08', 'AND', 'x08'])
checking swapping inputs of ('z08', 'z34')
>is_z(z08, 8, iteration=118, inputs=['mhm', 'XOR', 'mhc'])
 >is_x_xor_y(mhm, 8, inputs=['qpq', 'OR', 'vqw'])
 >is_x_xor_y(mhc, 8, inputs=['x34', 'XOR', 'y34'])
checking swapping inputs of ('z08', 'z15')
>is_z(z08, 8, iteration=119, inputs=['jfh', 'XOR', 'gjd'])
 >is_x_xor_y(jfh, 8, inputs=['x15', 'XOR', 'y15'])
 >is_x_xor_y(gjd, 8, inputs=['cgp', 'OR', 'vjh'])
checking swapping inputs of ('dqc', 'z08')
>is_z(z08, 8, iteration=120, inputs=['y08', 'AND', 'x08'])
checking swapping inputs of ('bbv', 'z08')
>is_z(z08, 8, iteration=121, inputs=['y08', 'AND', 'x08'])
checking swapping inputs of ('vpv', 'z08')
>is_z(z08, 8, iteration=122, inputs=['y08', 'AND', 'x08'])
checking swapping inputs of ('jvj', 'z08')
>is_z(z08, 8, iteration=123, inputs=['y08', 'AND', 'x08'])
checking swapping inputs of ('kgf', 'z08')
>is_z(z08, 8, iteration=124, inputs=['y08', 'AND', 'x08'])
checking swapping inputs of ('wkh', 'z08')
>is_z(z08, 8, iteration=125, inputs=['y08', 'AND', 'x08'])
checking swapping inputs of ('fpk', 'z08')
>is_z(z08, 8, iteration=126, inputs=['y08', 'AND', 'x08'])
checking swapping inputs of ('tnf', 'z08')
>is_z(z08, 8, iteration=127, inputs=['y08', 'AND', 'x08'])
checking swapping inputs of ('crb', 'z08')
>is_z(z08, 8, iteration=128, inputs=['y08', 'AND', 'x08'])
checking swapping inputs of ('rpq', 'z08')
>is_z(z08, 8, iteration=129, inputs=['y08', 'AND', 'x08'])
checking swapping inputs of ('kcv', 'z08')
>is_z(z08, 8, iteration=130, inputs=['y08', 'AND', 'x08'])
checking swapping inputs of ('bgj', 'z08')
>is_z(z08, 8, iteration=131, inputs=['y08', 'AND', 'x08'])
checking swapping inputs of ('srr', 'z08')
>is_z(z08, 8, iteration=132, inputs=['y08', 'AND', 'x08'])
checking swapping inputs of ('jfh', 'z08')
>is_z(z08, 8, iteration=133, inputs=['y08', 'AND', 'x08'])
checking swapping inputs of ('jwh', 'z08')
>is_z(z08, 8, iteration=134, inputs=['y08', 'AND', 'x08'])
checking swapping inputs of ('hwf', 'z08')
>is_z(z08, 8, iteration=135, inputs=['y08', 'AND', 'x08'])
checking swapping inputs of ('z08', 'z43')
>is_z(z08, 8, iteration=136, inputs=['stv', 'XOR', 'vfw'])
 >is_x_xor_y(stv, 8, inputs=['gqq', 'OR', 'nnk'])
 >is_x_xor_y(vfw, 8, inputs=['y43', 'XOR', 'x43'])
checking swapping inputs of ('qmc', 'z08')
>is_z(z08, 8, iteration=137, inputs=['y08', 'AND', 'x08'])
checking swapping inputs of ('knv', 'z08')
>is_z(z08, 8, iteration=138, inputs=['y08', 'AND', 'x08'])
checking swapping inputs of ('nct', 'z08')
>is_z(z08, 8, iteration=139, inputs=['y08', 'AND', 'x08'])
checking swapping inputs of ('z08', 'z39')
>is_z(z08, 8, iteration=140, inputs=['bqf', 'XOR', 'vnc'])
 >is_x_xor_y(bqf, 8, inputs=['dhm', 'OR', 'bgj'])
 >is_x_xor_y(vnc, 8, inputs=['y39', 'XOR', 'x39'])
checking swapping inputs of ('dwj', 'z08')
>is_z(z08, 8, iteration=141, inputs=['y08', 'AND', 'x08'])
checking swapping inputs of ('vjh', 'z08')
>is_z(z08, 8, iteration=142, inputs=['y08', 'AND', 'x08'])
checking swapping inputs of ('z08', 'z29')
>is_z(z08, 8, iteration=143, inputs=['kdn', 'XOR', 'fvk'])
 >is_x_xor_y(kdn, 8, inputs=['y29', 'XOR', 'x29'])
 >is_x_xor_y(fvk, 8, inputs=['mdr', 'OR', 'dqc'])
checking swapping inputs of ('kdn', 'z08')
>is_z(z08, 8, iteration=144, inputs=['y08', 'AND', 'x08'])
checking swapping inputs of ('mdr', 'z08')
>is_z(z08, 8, iteration=145, inputs=['y08', 'AND', 'x08'])
checking swapping inputs of ('mbc', 'z08')
>is_z(z08, 8, iteration=146, inputs=['y08', 'AND', 'x08'])
checking swapping inputs of ('kvv', 'z08')
>is_z(z08, 8, iteration=147, inputs=['y08', 'AND', 'x08'])
checking swapping inputs of ('kqh', 'z08')
>is_z(z08, 8, iteration=148, inputs=['y08', 'AND', 'x08'])
checking swapping inputs of ('nqv', 'z08')
>is_z(z08, 8, iteration=149, inputs=['y08', 'AND', 'x08'])
checking swapping inputs of ('msp', 'z08')
>is_z(z08, 8, iteration=150, inputs=['y08', 'AND', 'x08'])
checking swapping inputs of ('z08', 'z40')
>is_z(z08, 8, iteration=151, inputs=['tqg', 'XOR', 'dfv'])
 >is_x_xor_y(tqg, 8, inputs=['x40', 'XOR', 'y40'])
 >is_x_xor_y(dfv, 8, inputs=['gtf', 'OR', 'jjt'])
checking swapping inputs of ('mrb', 'z08')
>is_z(z08, 8, iteration=152, inputs=['y08', 'AND', 'x08'])
checking swapping inputs of ('vdt', 'z08')
>is_z(z08, 8, iteration=153, inputs=['y08', 'AND', 'x08'])
checking swapping inputs of ('z08', 'z36')
>is_z(z08, 8, iteration=154, inputs=['jqm', 'XOR', 'fjc'])
 >is_x_xor_y(jqm, 8, inputs=['rkm', 'OR', 'bdd'])
 >is_x_xor_y(fjc, 8, inputs=['y36', 'XOR', 'x36'])
checking swapping inputs of ('jrd', 'z08')
>is_z(z08, 8, iteration=155, inputs=['y08', 'AND', 'x08'])
checking swapping inputs of ('z08', 'z20')
>is_z(z08, 8, iteration=156, inputs=['pwm', 'XOR', 'cjh'])
 >is_x_xor_y(pwm, 8, inputs=['x20', 'XOR', 'y20'])
 >is_x_xor_y(cjh, 8, inputs=['stp', 'OR', 'fvd'])
checking swapping inputs of ('nmd', 'z08')
>is_z(z08, 8, iteration=157, inputs=['y08', 'AND', 'x08'])
checking swapping inputs of ('gtf', 'z08')
>is_z(z08, 8, iteration=158, inputs=['y08', 'AND', 'x08'])
checking swapping inputs of ('z08', 'z24')
>is_z(z08, 8, iteration=159, inputs=['ckj', 'XOR', 'jjh'])
 >is_x_xor_y(ckj, 8, inputs=['fpk', 'OR', 'jmr'])
 >is_x_xor_y(jjh, 8, inputs=['y24', 'XOR', 'x24'])
checking swapping inputs of ('crw', 'z08')
>is_z(z08, 8, iteration=160, inputs=['y08', 'AND', 'x08'])
checking swapping inputs of ('dfv', 'z08')
>is_z(z08, 8, iteration=161, inputs=['y08', 'AND', 'x08'])
checking swapping inputs of ('nnk', 'z08')
>is_z(z08, 8, iteration=162, inputs=['y08', 'AND', 'x08'])
checking swapping inputs of ('z08', 'z38')
>is_z(z08, 8, iteration=163, inputs=['kvn', 'XOR', 'qjd'])
 >is_x_xor_y(kvn, 8, inputs=['gnn', 'OR', 'qmd'])
 >is_x_xor_y(qjd, 8, inputs=['x38', 'AND', 'y38'])
checking swapping inputs of ('z08', 'z45')
>is_z(z08, 8, iteration=164, inputs=['jdh', 'OR', 'qrw'])
checking swapping inputs of ('qpq', 'z08')
>is_z(z08, 8, iteration=165, inputs=['y08', 'AND', 'x08'])
checking swapping inputs of ('jmq', 'z08')
>is_z(z08, 8, iteration=166, inputs=['y08', 'AND', 'x08'])
checking swapping inputs of ('hrj', 'z08')
>is_z(z08, 8, iteration=167, inputs=['y08', 'AND', 'x08'])
checking swapping inputs of ('z08', 'z09')
>is_z(z08, 8, iteration=168, inputs=['ghk', 'XOR', 'pnr'])
 >is_x_xor_y(ghk, 8, inputs=['x09', 'XOR', 'y09'])
 >is_x_xor_y(pnr, 8, inputs=['skt', 'OR', 'cdj'])
checking swapping inputs of ('z08', 'z28')
>is_z(z08, 8, iteration=169, inputs=['msp', 'XOR', 'shq'])
 >is_x_xor_y(msp, 8, inputs=['djd', 'OR', 'wqf'])
 >is_x_xor_y(shq, 8, inputs=['x28', 'XOR', 'y28'])
checking swapping inputs of ('z08', 'z27')
>is_z(z08, 8, iteration=170, inputs=['hqw', 'XOR', 'jmq'])
 >is_x_xor_y(hqw, 8, inputs=['y27', 'XOR', 'x27'])
 >is_x_xor_y(jmq, 8, inputs=['jvj', 'OR', 'bch'])
checking swapping inputs of ('fvd', 'z08')
>is_z(z08, 8, iteration=171, inputs=['y08', 'AND', 'x08'])
checking swapping inputs of ('pfh', 'z08')
>is_z(z08, 8, iteration=172, inputs=['y08', 'AND', 'x08'])
checking swapping inputs of ('z08', 'z23')
>is_z(z08, 8, iteration=173, inputs=['crb', 'XOR', 'gqd'])
 >is_x_xor_y(crb, 8, inputs=['x23', 'XOR', 'y23'])
 >is_x_xor_y(gqd, 8, inputs=['hcv', 'OR', 'wfs'])
checking swapping inputs of ('btj', 'z08')
>is_z(z08, 8, iteration=174, inputs=['y08', 'AND', 'x08'])
checking swapping inputs of ('z08', 'z16')
>is_z(z08, 8, iteration=175, inputs=['btj', 'AND', 'tmm'])
checking swapping inputs of ('gtm', 'z08')
>is_z(z08, 8, iteration=176, inputs=['y08', 'AND', 'x08'])
checking swapping inputs of ('dpv', 'z08')
>is_z(z08, 8, iteration=177, inputs=['y08', 'AND', 'x08'])
checking swapping inputs of ('mqp', 'z08')
>is_z(z08, 8, iteration=178, inputs=['y08', 'AND', 'x08'])
checking swapping inputs of ('gjd', 'z08')
>is_z(z08, 8, iteration=179, inputs=['y08', 'AND', 'x08'])
checking swapping inputs of ('brn', 'z08')
>is_z(z08, 8, iteration=180, inputs=['y08', 'AND', 'x08'])
checking swapping inputs of ('rjv', 'z08')
>is_z(z08, 8, iteration=181, inputs=['y08', 'AND', 'x08'])
checking swapping inputs of ('pqv', 'z08')
>is_z(z08, 8, iteration=182, inputs=['y08', 'AND', 'x08'])
checking swapping inputs of ('jhb', 'z08')
>is_z(z08, 8, iteration=183, inputs=['y08', 'AND', 'x08'])
checking swapping inputs of ('cjh', 'z08')
>is_z(z08, 8, iteration=184, inputs=['y08', 'AND', 'x08'])
checking swapping inputs of ('kph', 'z08')
>is_z(z08, 8, iteration=185, inputs=['y08', 'AND', 'x08'])
checking swapping inputs of ('z08', 'z30')
>is_z(z08, 8, iteration=186, inputs=['tdc', 'XOR', 'scp'])
 >is_x_xor_y(tdc, 8, inputs=['y30', 'XOR', 'x30'])
 >is_x_xor_y(scp, 8, inputs=['kvv', 'OR', 'shs'])
checking swapping inputs of ('rkm', 'z08')
>is_z(z08, 8, iteration=187, inputs=['y08', 'AND', 'x08'])
